<?xml version="1.0" encoding="UTF-8" ?>
<testsuites>
  <testsuite errors="0" failures="0" name="One" package="" tests="1">
    <testcase classname="One" name="pass" time="0.002" />
    <properties>
      <property name="ant.project.invoked-targets" value="test" />
    </properties>
    <system-out />
    <system-err />
  </testsuite>
  <testsuite errors="0" failures="1" name="Two" package="" tests="1">
    <testcase classname="Two" name="fail" time="0.002" />
    <properties>
      <property name="ant.project.invoked-targets" value="test" />
    </properties>
    <system-out />
    <system-err />
  </testsuite>
  <testsuite errors="1" failures="0" name="Three" package="" tests="1">
    <testcase classname="Three" name="error" time="0.002" />
    <properties>
      <property name="ant.project.invoked-targets" value="test" />
    </properties>
    <system-out />
    <system-err />
  </testsuite>
</testsuites>
